<?xml version="1.0" encoding="UTF-8"?>
<testng-results ignored="0" total="1" passed="1" failed="0" skipped="0">
  <reporter-output>
  </reporter-output>
  <suite started-at="2024-11-27T14:03:29Z" name="Suite1" finished-at="2024-11-27T14:03:39Z" duration-ms="10204">
    <groups>
    </groups>
    <test started-at="2024-11-27T14:03:29Z" name="Nopackage" finished-at="2024-11-27T14:03:39Z" duration-ms="10204">
      <class name="amazon.SearchProductTest">
        <test-method is-config="true" signature="launchApplication()[pri:0, instance:amazon.SearchProductTest@303cf2ba]" started-at="2024-11-27T14:03:29Z" name="launchApplication" finished-at="2024-11-27T14:03:34Z" duration-ms="4645" status="PASS">
          <reporter-output>
          </reporter-output>
        </test-method> <!-- launchApplication -->
        <test-method signature="SelectproductTEST()[pri:0, instance:amazon.SearchProductTest@303cf2ba]" started-at="2024-11-27T14:03:34Z" name="SelectproductTEST" finished-at="2024-11-27T14:03:38Z" duration-ms="4872" status="PASS">
          <reporter-output>
          </reporter-output>
        </test-method> <!-- SelectproductTEST -->
        <test-method is-config="true" signature="tearDown()[pri:0, instance:amazon.SearchProductTest@303cf2ba]" started-at="2024-11-27T14:03:38Z" name="tearDown" finished-at="2024-11-27T14:03:39Z" duration-ms="647" status="PASS">
          <reporter-output>
          </reporter-output>
        </test-method> <!-- tearDown -->
      </class> <!-- amazon.SearchProductTest -->
    </test> <!-- Nopackage -->
  </suite> <!-- Suite1 -->
</testng-results>
