<?xml version="1.0" encoding="UTF-8"?>
<testng-results ignored="0" total="1" passed="1" failed="0" skipped="0">
  <reporter-output>
  </reporter-output>
  <suite started-at="2026-03-22T06:19:25Z" name="Suite1" finished-at="2026-03-22T06:19:40Z" duration-ms="14895">
    <groups>
    </groups>
    <test started-at="2026-03-22T06:19:25Z" name="Nopackage" finished-at="2026-03-22T06:19:40Z" duration-ms="14895">
      <class name="amazon.StandalonepageTest">
        <test-method signature="testAmazon()[pri:0, instance:amazon.StandalonepageTest@1ebd319f]" started-at="2026-03-22T06:19:25Z" name="testAmazon" finished-at="2026-03-22T06:19:40Z" duration-ms="14849" status="PASS">
          <reporter-output>
          </reporter-output>
        </test-method> <!-- testAmazon -->
      </class> <!-- amazon.StandalonepageTest -->
    </test> <!-- Nopackage -->
  </suite> <!-- Suite1 -->
</testng-results>
